<?xml version="1.0" encoding="UTF-8"?>
<!-- Generated by org.testng.reporters.JUnitReportReporter -->
<testsuite skipped="0" hostname="DESKTOP-LTCNF9N" name="Note.CrossBrowser_Verify" tests="2" failures="0" timestamp="23 Apr 2019 05:51:45 GMT" time="31.644" errors="0">
  <testcase name="VerifyTitle" time="19.786" classname="Note.CrossBrowser_Verify"/>
  <testcase name="VerifyTitle" time="11.858" classname="Note.CrossBrowser_Verify"/>
</testsuite> <!-- Note.CrossBrowser_Verify -->
